#
# A fatal error has been detected by the Java Runtime Environment:
#
#  EXCEPTION_ACCESS_VIOLATION (0xc0000005) at pc=0x0000000055d4c22d, pid=14360, tid=0x00000000000029d8
#
# JRE version: OpenJDK Runtime Environment (8.0_212-b04) (build 1.8.0_212-release-1586-b04)
# Java VM: OpenJDK 64-Bit Server VM (25.212-b04 mixed mode windows-amd64 compressed oops)
# Problematic frame:
# V  [jvm.dll+0x10c22d]
#
# Failed to write core dump. Minidumps are not enabled by default on client versions of Windows
#
# If you would like to submit a bug report, please visit:
#   
#

---------------  T H R E A D  ---------------

Current thread (0x0000000017228000):  VMThread [stack: 0x00000000188d0000,0x00000000189d0000] [id=10712]

siginfo: ExceptionCode=0xc0000005, reading address 0xffffffffffffffff

Registers:
RAX=0x000000002e022ad0, RBX=0x0000000000000000, RCX=0x971f1800971e5600, RDX=0x00000000563cc710
RSP=0x00000000189cee70, RBP=0x0000000000000000, RSI=0x971f1800971e5600, RDI=0x0000000000000000
R8 =0x000000000000000f, R9 =0x000000002d67a6f0, R10=0x00000000000001fe, R11=0x00000000189cee68
R12=0x00000000563cc710, R13=0x0000000000000000, R14=0x000000005620ebd0, R15=0x00000000563cc680
RIP=0x0000000055d4c22d, EFLAGS=0x0000000000010246

Top of Stack: (sp=0x00000000189cee70)
0x00000000189cee70:   0000000000000007 0000000000000000
0x00000000189cee80:   0000000000000038 0000000018c5c680
0x00000000189cee90:   000000005620f508 00000000563cc710
0x00000000189ceea0:   0000000000000001 0000000055d22c66
0x00000000189ceeb0:   0000000000000007 0000000000000000
0x00000000189ceec0:   00000000563cc710 000000010110e068
0x00000000189ceed0:   000000010110e068 0000000055d29180
0x00000000189ceee0:   000000010110e068 00000000563cc710
0x00000000189ceef0:   00000000189cef80 000000000a7938e0
0x00000000189cef00:   00000000563cc710 0000000055d4120c
0x00000000189cef10:   000000010110d4a0 0000000100034518
0x00000000189cef20:   0000000000000000 0000000055c8374d
0x00000000189cef30:   000000005620ebd0 00000000000001fe
0x00000000189cef40:   ffffffffffffff00 0000000000000004
0x00000000189cef50:   0000000000000006 00000000000005fa
0x00000000189cef60:   0000000000000000 000000002d67a6f0 

Instructions: (pc=0x0000000055d4c22d)
0x0000000055d4c20d:   cc cc cc 48 89 6c 24 18 48 89 74 24 20 41 54 48
0x0000000055d4c21d:   83 ec 30 33 ed 48 89 7c 24 48 4c 8b e2 48 8b f1
0x0000000055d4c22d:   39 a9 f8 00 00 00 7f 04 8b fd eb 0f 48 81 c1 00
0x0000000055d4c23d:   01 00 00 e8 fb e7 ff ff 48 8b f8 48 89 5c 24 40 


Register to memory mapping:

RAX=0x000000002e022ad0 is pointing into metadata
RBX=0x0000000000000000 is an unknown value
RCX=0x971f1800971e5600 is an unknown value
RDX=0x00000000563cc710 is an unknown value
RSP=0x00000000189cee70 is an unknown value
RBP=0x0000000000000000 is an unknown value
RSI=0x971f1800971e5600 is an unknown value
RDI=0x0000000000000000 is an unknown value
R8 =0x000000000000000f is an unknown value
R9 =0x000000002d67a6f0 is an unknown value
R10=0x00000000000001fe is an unknown value
R11=0x00000000189cee68 is an unknown value
R12=0x00000000563cc710 is an unknown value
R13=0x0000000000000000 is an unknown value
R14=0x000000005620ebd0 is an unknown value
R15=0x00000000563cc680 is an unknown value


Stack: [0x00000000188d0000,0x00000000189d0000],  sp=0x00000000189cee70,  free space=1019k
Native frames: (J=compiled Java code, j=interpreted, Vv=VM code, C=native code)

VM_Operation (0x00000000531eb750): ParallelGCFailedAllocation, mode: safepoint, requested by thread 0x000000001c47e000


---------------  P R O C E S S  ---------------

Java Threads: ( => current thread )
  0x0000000019832800 JavaThread "Cache worker for Java compile cache (F:\StuioWorspce\YCSJZHOA\.gradle\4.10.1\javaCompile)" [_thread_blocked, id=5268, stack(0x0000000053ff0000,0x00000000540f0000)]
  0x000000001982d800 JavaThread "stdout" daemon [_thread_in_native, id=15836, stack(0x0000000053ef0000,0x0000000053ff0000)]
  0x0000000019832000 JavaThread "stderr" daemon [_thread_in_native, id=17080, stack(0x0000000053df0000,0x0000000053ef0000)]
  0x0000000019831000 JavaThread "stdout" daemon [_thread_in_native, id=13024, stack(0x0000000053cf0000,0x0000000053df0000)]
  0x0000000019830800 JavaThread "stderr" daemon [_thread_in_native, id=6100, stack(0x0000000053bf0000,0x0000000053cf0000)]
  0x0000000021ebe000 JavaThread "pool-146-thread-1" [_thread_blocked, id=16596, stack(0x0000000053af0000,0x0000000053bf0000)]
  0x0000000021ebc800 JavaThread "ForkJoinPool.commonPool-worker-5" daemon [_thread_blocked, id=11272, stack(0x00000000539f0000,0x0000000053af0000)]
  0x0000000021eb0800 JavaThread "Cache worker for Build Output Cleanup Cache (F:\StuioWorspce\YCSJZHOA\.gradle\buildOutputCleanup)" [_thread_blocked, id=15276, stack(0x00000000536f0000,0x00000000537f0000)]
  0x000000001c485800 JavaThread "Cache worker for task history cache (F:\StuioWorspce\YCSJZHOA\.gradle\4.10.1\taskHistory)" [_thread_blocked, id=17780, stack(0x00000000535f0000,0x00000000536f0000)]
  0x000000001c484800 JavaThread "Task worker for ':' Thread 5" [_thread_blocked, id=8584, stack(0x00000000534f0000,0x00000000535f0000)]
  0x000000001c481800 JavaThread "Task worker for ':' Thread 4" [_thread_blocked, id=15888, stack(0x00000000533f0000,0x00000000534f0000)]
  0x000000001c481000 JavaThread "Task worker for ':' Thread 3" [_thread_blocked, id=620, stack(0x00000000532f0000,0x00000000533f0000)]
  0x000000001c484000 JavaThread "Task worker for ':' Thread 2" [_thread_blocked, id=10380, stack(0x00000000531f0000,0x00000000532f0000)]
  0x000000001c47e000 JavaThread "Task worker for ':'" [_thread_blocked, id=8956, stack(0x00000000530f0000,0x00000000531f0000)]
  0x000000001c478800 JavaThread "Cache worker for file content cache (F:\StuioWorspce\YCSJZHOA\.gradle\4.10.1\fileContent)" [_thread_blocked, id=11244, stack(0x0000000052ff0000,0x00000000530f0000)]
  0x000000001c478000 JavaThread "pool-145-thread-1" [_thread_blocked, id=13568, stack(0x0000000052ef0000,0x0000000052ff0000)]
  0x0000000026c68000 JavaThread "Build operations Thread 6" [_thread_blocked, id=16096, stack(0x0000000052df0000,0x0000000052ef0000)]
  0x0000000026c6f000 JavaThread "Build operations Thread 5" [_thread_blocked, id=12872, stack(0x0000000052cf0000,0x0000000052df0000)]
  0x0000000026c67800 JavaThread "Build operations Thread 4" [_thread_blocked, id=16264, stack(0x0000000052bf0000,0x0000000052cf0000)]
  0x0000000026c6e000 JavaThread "Build operations Thread 3" [_thread_blocked, id=11948, stack(0x0000000052af0000,0x0000000052bf0000)]
  0x0000000026c6c800 JavaThread "Build operations Thread 2" [_thread_blocked, id=18604, stack(0x00000000529f0000,0x0000000052af0000)]
  0x0000000026c60000 JavaThread "Build operations" [_thread_blocked, id=19108, stack(0x00000000528f0000,0x00000000529f0000)]
  0x0000000026c66800 JavaThread "Cache worker for cache directory md-rule (C:\Users\Jhon\.gradle\caches\4.10.1\md-rule)" [_thread_blocked, id=14884, stack(0x00000000527f0000,0x00000000528f0000)]
  0x0000000026c63000 JavaThread "Cache worker for cache directory md-supplier (C:\Users\Jhon\.gradle\caches\4.10.1\md-supplier)" [_thread_blocked, id=19384, stack(0x00000000526f0000,0x00000000527f0000)]
  0x0000000026c66000 JavaThread "Cache worker for file hash cache (F:\StuioWorspce\YCSJZHOA\.gradle\4.10.1\fileHashes)" [_thread_blocked, id=17712, stack(0x00000000525f0000,0x00000000526f0000)]
  0x0000000026c64800 JavaThread "Stdin handler" [_thread_blocked, id=11432, stack(0x00000000524f0000,0x00000000525f0000)]
  0x0000000026c60800 JavaThread "Asynchronous log dispatcher for DefaultDaemonConnection: socket connection from /127.0.0.1:64468 to /127.0.0.1:61657" [_thread_blocked, id=16452, stack(0x00000000523f0000,0x00000000524f0000)]
  0x0000000026c61800 JavaThread "Cancel handler" [_thread_blocked, id=6632, stack(0x00000000522f0000,0x00000000523f0000)]
  0x0000000026c65000 JavaThread "Handler for socket connection from /127.0.0.1:64468 to /127.0.0.1:61657" [_thread_in_native, id=14968, stack(0x00000000521f0000,0x00000000522f0000)]
  0x0000000019af3000 JavaThread "Daemon worker Thread 41" [_thread_blocked, id=11000, stack(0x000000004f9f0000,0x000000004faf0000)]
  0x0000000019af0000 JavaThread "Daemon Thread 41" [_thread_blocked, id=3596, stack(0x000000004f6f0000,0x000000004f7f0000)]
  0x0000000021eb4000 JavaThread "MarlinRenderer Disposer" daemon [_thread_blocked, id=9848, stack(0x0000000063b90000,0x0000000063c90000)]
  0x0000000021eb5000 JavaThread "Java2D Disposer" daemon [_thread_blocked, id=5732, stack(0x0000000063a90000,0x0000000063b90000)]
  0x000000001e040000 JavaThread "Cache worker for Java compile cache (C:\Users\Jhon\.gradle\caches\4.10.1\javaCompile)" [_thread_blocked, id=12976, stack(0x000000002a7c0000,0x000000002a8c0000)]
  0x000000001c47f800 JavaThread "Cache worker for file content cache (C:\Users\Jhon\.gradle\caches\4.10.1\fileContent)" [_thread_blocked, id=13684, stack(0x00000000246c0000,0x00000000247c0000)]
  0x000000001c47b800 JavaThread "Memory manager" [_thread_blocked, id=5056, stack(0x00000000232d0000,0x00000000233d0000)]
  0x000000001e03e000 JavaThread "Cache worker for Artifact transforms cache (C:\Users\Jhon\.gradle\caches\transforms-1)" [_thread_blocked, id=10880, stack(0x0000000020eb0000,0x0000000020fb0000)]
  0x000000001e03a800 JavaThread "Cache worker for journal cache (C:\Users\Jhon\.gradle\caches\journal-1)" [_thread_blocked, id=11472, stack(0x000000001e110000,0x000000001e210000)]
  0x000000001c03c800 JavaThread "File lock request listener" [_thread_in_native, id=7132, stack(0x000000001ce40000,0x000000001cf40000)]
  0x000000001c191000 JavaThread "Cache worker for file hash cache (C:\Users\Jhon\.gradle\caches\4.10.1\fileHashes)" [_thread_blocked, id=4656, stack(0x000000001cd40000,0x000000001ce40000)]
  0x00000000196dd000 JavaThread "Daemon periodic checks" [_thread_blocked, id=3492, stack(0x000000001b270000,0x000000001b370000)]
  0x0000000018f50000 JavaThread "Incoming local TCP Connector on port 64468" [_thread_in_native, id=17308, stack(0x000000001b0c0000,0x000000001b1c0000)]
  0x0000000018ca1800 JavaThread "Service Thread" daemon [_thread_blocked, id=14800, stack(0x00000000194d0000,0x00000000195d0000)]
  0x0000000018c20000 JavaThread "C1 CompilerThread2" daemon [_thread_blocked, id=10628, stack(0x00000000193d0000,0x00000000194d0000)]
  0x000000001727e800 JavaThread "C2 CompilerThread1" daemon [_thread_blocked, id=13188, stack(0x00000000192d0000,0x00000000193d0000)]
  0x0000000018c1b000 JavaThread "C2 CompilerThread0" daemon [_thread_blocked, id=9144, stack(0x00000000191d0000,0x00000000192d0000)]
  0x0000000018c1a000 JavaThread "Attach Listener" daemon [_thread_blocked, id=14708, stack(0x00000000190d0000,0x00000000191d0000)]
  0x000000001726f000 JavaThread "Signal Dispatcher" daemon [_thread_blocked, id=11972, stack(0x0000000018fd0000,0x00000000190d0000)]
  0x00000000036ac000 JavaThread "Finalizer" daemon [_thread_blocked, id=17508, stack(0x0000000018ad0000,0x0000000018bd0000)]
  0x00000000036a5800 JavaThread "Reference Handler" daemon [_thread_blocked, id=9992, stack(0x00000000189d0000,0x0000000018ad0000)]
  0x000000000314d800 JavaThread "main" [_thread_blocked, id=2236, stack(0x00000000034b0000,0x00000000035b0000)]

Other Threads:
=>0x0000000017228000 VMThread [stack: 0x00000000188d0000,0x00000000189d0000] [id=10712]
  0x0000000018ca2000 WatcherThread [stack: 0x00000000195d0000,0x00000000196d0000] [id=11600]

VM state:at safepoint (normal execution)

VM Mutex/Monitor currently owned by a thread:  ([mutex/lock_event])
[0x000000000314c670] Threads_lock - owner thread: 0x0000000017228000
[0x000000000314d170] Heap_lock - owner thread: 0x000000001c47e000

heap address: 0x00000000a0000000, size: 1536 MB, Compressed Oops mode: 32-bit
Narrow klass base: 0x0000000000000000, Narrow klass shift: 3
Compressed class space size: 1073741824 Address: 0x0000000100000000

Heap:
 PSYoungGen      total 406016K, used 32245K [0x00000000e0000000, 0x0000000100000000, 0x0000000100000000)
  eden space 373760K, 0% used [0x00000000e0000000,0x00000000e0000000,0x00000000f6d00000)
  from space 32256K, 99% used [0x00000000fe080000,0x00000000ffffd580,0x0000000100000000)
  to   space 75264K, 0% used [0x00000000f6d00000,0x00000000f6d00000,0x00000000fb680000)
 ParOldGen       total 297472K, used 271034K [0x00000000a0000000, 0x00000000b2280000, 0x00000000e0000000)
  object space 297472K, 91% used [0x00000000a0000000,0x00000000b08aeaf0,0x00000000b2280000)
 Metaspace       used 153223K, capacity 163820K, committed 163968K, reserved 1191936K
  class space    used 18810K, capacity 20789K, committed 20864K, reserved 1048576K

Card table byte_map: [0x0000000012a70000,0x0000000012d80000] byte_map_base: 0x0000000012570000

Marking Bits: (ParMarkBitMap*) 0x0000000056409f30
 Begin Bits: [0x0000000013580000, 0x0000000014d80000)
 End Bits:   [0x0000000014d80000, 0x0000000016580000)

Polling page: 0x00000000013d0000

CodeCache: size=245760Kb used=114867Kb max_used=114867Kb free=130892Kb
 bounds [0x00000000036b0000, 0x000000000a7a0000, 0x00000000126b0000]
 total_blobs=32792 nmethods=31721 adapters=980
 compilation: enabled

Compilation events (10 events):
Event: 19392.776 Thread 0x0000000018c20000 nmethod 44333 0x000000000a78dc90 code [0x000000000a78de80, 0x000000000a78e998]
Event: 19392.776 Thread 0x0000000018c20000 44334       3       org.objectweb.asm.tree.LocalVariableNode::<init> (38 bytes)
Event: 19392.776 Thread 0x0000000018c20000 nmethod 44334 0x000000000a74cf50 code [0x000000000a74d0a0, 0x000000000a74d2d0]
Event: 19392.776 Thread 0x0000000018c20000 44374       3       org.objectweb.asm.tree.MethodNode::visitTypeInsn (17 bytes)
Event: 19392.776 Thread 0x0000000018c20000 nmethod 44374 0x000000000a783310 code [0x000000000a7834a0, 0x000000000a7837c8]
Event: 19392.776 Thread 0x0000000018c20000 44379       3       org.objectweb.asm.ClassReader::readField (664 bytes)
Event: 19392.778 Thread 0x0000000018c20000 nmethod 44379 0x000000000a78f010 code [0x000000000a78f480, 0x000000000a791b08]
Event: 19392.778 Thread 0x0000000018c20000 44370       3       org.objectweb.asm.tree.MethodNode::visitLdcInsn (16 bytes)
Event: 19392.778 Thread 0x0000000018c20000 nmethod 44370 0x000000000a793750 code [0x000000000a7938e0, 0x000000000a793c28]
Event: 19392.778 Thread 0x0000000018c20000 44371       3       org.objectweb.asm.tree.LdcInsnNode::<init> (12 bytes)

GC Heap History (10 events):
Event: 19158.810 GC heap after
Heap after GC invocations=133 (full 7):
 PSYoungGen      total 486912K, used 14497K [0x00000000e0000000, 0x00000000ffb80000, 0x0000000100000000)
  eden space 455168K, 0% used [0x00000000e0000000,0x00000000e0000000,0x00000000fbc80000)
  from space 31744K, 45% used [0x00000000fdc80000,0x00000000feaa8758,0x00000000ffb80000)
  to   space 32256K, 0% used [0x00000000fbc80000,0x00000000fbc80000,0x00000000fdc00000)
 ParOldGen       total 297472K, used 168475K [0x00000000a0000000, 0x00000000b2280000, 0x00000000e0000000)
  object space 297472K, 56% used [0x00000000a0000000,0x00000000aa486d40,0x00000000b2280000)
 Metaspace       used 133276K, capacity 142930K, committed 143104K, reserved 1173504K
  class space    used 16323K, capacity 18059K, committed 18176K, reserved 1048576K
}
Event: 19266.240 GC heap before
{Heap before GC invocations=134 (full 7):
 PSYoungGen      total 486912K, used 469665K [0x00000000e0000000, 0x00000000ffb80000, 0x0000000100000000)
  eden space 455168K, 100% used [0x00000000e0000000,0x00000000fbc80000,0x00000000fbc80000)
  from space 31744K, 45% used [0x00000000fdc80000,0x00000000feaa8758,0x00000000ffb80000)
  to   space 32256K, 0% used [0x00000000fbc80000,0x00000000fbc80000,0x00000000fdc00000)
 ParOldGen       total 297472K, used 168475K [0x00000000a0000000, 0x00000000b2280000, 0x00000000e0000000)
  object space 297472K, 56% used [0x00000000a0000000,0x00000000aa486d40,0x00000000b2280000)
 Metaspace       used 133352K, capacity 143012K, committed 143360K, reserved 1175552K
  class space    used 16331K, capacity 18062K, committed 18176K, reserved 1048576K
Event: 19266.251 GC heap after
Heap after GC invocations=134 (full 7):
 PSYoungGen      total 487424K, used 10079K [0x00000000e0000000, 0x00000000fff80000, 0x0000000100000000)
  eden space 455168K, 0% used [0x00000000e0000000,0x00000000e0000000,0x00000000fbc80000)
  from space 32256K, 31% used [0x00000000fbc80000,0x00000000fc657c90,0x00000000fdc00000)
  to   space 31744K, 0% used [0x00000000fe080000,0x00000000fe080000,0x00000000fff80000)
 ParOldGen       total 297472K, used 168475K [0x00000000a0000000, 0x00000000b2280000, 0x00000000e0000000)
  object space 297472K, 56% used [0x00000000a0000000,0x00000000aa486d40,0x00000000b2280000)
 Metaspace       used 133352K, capacity 143012K, committed 143360K, reserved 1175552K
  class space    used 16331K, capacity 18062K, committed 18176K, reserved 1048576K
}
Event: 19324.820 GC heap before
{Heap before GC invocations=135 (full 7):
 PSYoungGen      total 487424K, used 465247K [0x00000000e0000000, 0x00000000fff80000, 0x0000000100000000)
  eden space 455168K, 100% used [0x00000000e0000000,0x00000000fbc80000,0x00000000fbc80000)
  from space 32256K, 31% used [0x00000000fbc80000,0x00000000fc657c90,0x00000000fdc00000)
  to   space 31744K, 0% used [0x00000000fe080000,0x00000000fe080000,0x00000000fff80000)
 ParOldGen       total 297472K, used 168475K [0x00000000a0000000, 0x00000000b2280000, 0x00000000e0000000)
  object space 297472K, 56% used [0x00000000a0000000,0x00000000aa486d40,0x00000000b2280000)
 Metaspace       used 140410K, capacity 150594K, committed 150656K, reserved 1181696K
  class space    used 17229K, capacity 19070K, committed 19072K, reserved 1048576K
Event: 19324.834 GC heap after
Heap after GC invocations=135 (full 7):
 PSYoungGen      total 492032K, used 19573K [0x00000000e0000000, 0x00000000fff80000, 0x0000000100000000)
  eden space 460288K, 0% used [0x00000000e0000000,0x00000000e0000000,0x00000000fc180000)
  from space 31744K, 61% used [0x00000000fe080000,0x00000000ff39d598,0x00000000fff80000)
  to   space 31744K, 0% used [0x00000000fc180000,0x00000000fc180000,0x00000000fe080000)
 ParOldGen       total 297472K, used 168483K [0x00000000a0000000, 0x00000000b2280000, 0x00000000e0000000)
  object space 297472K, 56% used [0x00000000a0000000,0x00000000aa488d40,0x00000000b2280000)
 Metaspace       used 140410K, capacity 150594K, committed 150656K, reserved 1181696K
  class space    used 17229K, capacity 19070K, committed 19072K, reserved 1048576K
}
Event: 19389.103 GC heap before
{Heap before GC invocations=136 (full 7):
 PSYoungGen      total 492032K, used 479861K [0x00000000e0000000, 0x00000000fff80000, 0x0000000100000000)
  eden space 460288K, 100% used [0x00000000e0000000,0x00000000fc180000,0x00000000fc180000)
  from space 31744K, 61% used [0x00000000fe080000,0x00000000ff39d598,0x00000000fff80000)
  to   space 31744K, 0% used [0x00000000fc180000,0x00000000fc180000,0x00000000fe080000)
 ParOldGen       total 297472K, used 168483K [0x00000000a0000000, 0x00000000b2280000, 0x00000000e0000000)
  object space 297472K, 56% used [0x00000000a0000000,0x00000000aa488d40,0x00000000b2280000)
 Metaspace       used 141697K, capacity 152078K, committed 152192K, reserved 1181696K
  class space    used 17404K, capacity 19294K, committed 19328K, reserved 1048576K
Event: 19389.236 GC heap after
Heap after GC invocations=136 (full 7):
 PSYoungGen      total 492032K, used 31729K [0x00000000e0000000, 0x0000000100000000, 0x0000000100000000)
  eden space 460288K, 0% used [0x00000000e0000000,0x00000000e0000000,0x00000000fc180000)
  from space 31744K, 99% used [0x00000000fc180000,0x00000000fe07c458,0x00000000fe080000)
  to   space 32256K, 0% used [0x00000000fe080000,0x00000000fe080000,0x0000000100000000)
 ParOldGen       total 297472K, used 208322K [0x00000000a0000000, 0x00000000b2280000, 0x00000000e0000000)
  object space 297472K, 70% used [0x00000000a0000000,0x00000000acb70ab0,0x00000000b2280000)
 Metaspace       used 141697K, capacity 152078K, committed 152192K, reserved 1181696K
  class space    used 17404K, capacity 19294K, committed 19328K, reserved 1048576K
}
Event: 19392.778 GC heap before
{Heap before GC invocations=137 (full 7):
 PSYoungGen      total 492032K, used 492017K [0x00000000e0000000, 0x0000000100000000, 0x0000000100000000)
  eden space 460288K, 100% used [0x00000000e0000000,0x00000000fc180000,0x00000000fc180000)
  from space 31744K, 99% used [0x00000000fc180000,0x00000000fe07c458,0x00000000fe080000)
  to   space 32256K, 0% used [0x00000000fe080000,0x00000000fe080000,0x0000000100000000)
 ParOldGen       total 297472K, used 208322K [0x00000000a0000000, 0x00000000b2280000, 0x00000000e0000000)
  object space 297472K, 70% used [0x00000000a0000000,0x00000000acb70ab0,0x00000000b2280000)
 Metaspace       used 153223K, capacity 163820K, committed 163968K, reserved 1191936K
  class space    used 18810K, capacity 20789K, committed 20864K, reserved 1048576K
Event: 19392.987 GC heap after
Heap after GC invocations=137 (full 7):
 PSYoungGen      total 406016K, used 32245K [0x00000000e0000000, 0x0000000100000000, 0x0000000100000000)
  eden space 373760K, 0% used [0x00000000e0000000,0x00000000e0000000,0x00000000f6d00000)
  from space 32256K, 99% used [0x00000000fe080000,0x00000000ffffd580,0x0000000100000000)
  to   space 75264K, 0% used [0x00000000f6d00000,0x00000000f6d00000,0x00000000fb680000)
 ParOldGen       total 297472K, used 271034K [0x00000000a0000000, 0x00000000b2280000, 0x00000000e0000000)
  object space 297472K, 91% used [0x00000000a0000000,0x00000000b08aeaf0,0x00000000b2280000)
 Metaspace       used 153223K, capacity 163820K, committed 163968K, reserved 1191936K
  class space    used 18810K, capacity 20789K, committed 20864K, reserved 1048576K
}
Event: 19392.987 GC heap before
{Heap before GC invocations=138 (full 8):
 PSYoungGen      total 406016K, used 32245K [0x00000000e0000000, 0x0000000100000000, 0x0000000100000000)
  eden space 373760K, 0% used [0x00000000e0000000,0x00000000e0000000,0x00000000f6d00000)
  from space 32256K, 99% used [0x00000000fe080000,0x00000000ffffd580,0x0000000100000000)
  to   space 75264K, 0% used [0x00000000f6d00000,0x00000000f6d00000,0x00000000fb680000)
 ParOldGen       total 297472K, used 271034K [0x00000000a0000000, 0x00000000b2280000, 0x00000000e0000000)
  object space 297472K, 91% used [0x00000000a0000000,0x00000000b08aeaf0,0x00000000b2280000)
 Metaspace       used 153223K, capacity 163820K, committed 163968K, reserved 1191936K
  class space    used 18810K, capacity 20789K, committed 20864K, reserved 1048576K

Deoptimization events (10 events):
Event: 19392.277 Thread 0x000000001c47e000 Uncommon trap: reason=class_check action=maybe_recompile pc=0x0000000009fb66fc method=com.android.resources.ResourceType$$Lambda$323/2000077707.apply(Ljava/lang/Object;)Ljava/lang/Object; @ 1
Event: 19392.277 Thread 0x000000001c47e000 Uncommon trap: reason=class_check action=maybe_recompile pc=0x000000000492e51c method=com.android.resources.ResourceType$$Lambda$323/2000077707.apply(Ljava/lang/Object;)Ljava/lang/Object; @ 1
Event: 19392.278 Thread 0x000000001c47e000 Uncommon trap: reason=unstable_if action=reinterpret pc=0x000000000a6df360 method=com.android.tools.lint.checks.ResourceCycleDetector.visitAttribute(Lcom/android/tools/lint/detector/api/XmlContext;Lorg/w3c/dom/Attr;)V @ 26
Event: 19392.285 Thread 0x000000001c47e000 Uncommon trap: reason=unstable_if action=reinterpret pc=0x000000000436fdf4 method=com.sun.org.apache.xerces.internal.dom.ParentNode.nodeListItem(I)Lorg/w3c/dom/Node; @ 101
Event: 19392.285 Thread 0x000000001c47e000 Uncommon trap: reason=unstable_if action=reinterpret pc=0x00000000090e28c0 method=com.sun.org.apache.xerces.internal.dom.ParentNode.nodeListItem(I)Lorg/w3c/dom/Node; @ 101
Event: 19392.543 Thread 0x000000001c47e000 Uncommon trap: reason=unstable_if action=reinterpret pc=0x000000000a6f9bf0 method=com.android.tools.lint.client.api.ClassEntry.compareTo(Lcom/android/tools/lint/client/api/ClassEntry;)I @ 98
Event: 19392.544 Thread 0x000000001c47e000 Uncommon trap: reason=unstable_if action=reinterpret pc=0x000000000a729180 method=com.android.tools.lint.client.api.ClassEntry.compareTo(Lcom/android/tools/lint/client/api/ClassEntry;)I @ 98
Event: 19392.769 Thread 0x000000001c47e000 Uncommon trap: reason=unstable_if action=reinterpret pc=0x000000000a7477dc method=org.objectweb.asm.ClassReader.readUTF(II[C)Ljava/lang/String; @ 77
Event: 19392.770 Thread 0x000000001c47e000 Uncommon trap: reason=unstable_if action=reinterpret pc=0x000000000a73ed34 method=org.objectweb.asm.ClassReader.readUTF(II[C)Ljava/lang/String; @ 77
Event: 19392.773 Thread 0x000000001c47e000 Uncommon trap: reason=unstable_if action=reinterpret pc=0x000000000a74c5e4 method=org.objectweb.asm.tree.MethodNode.getLabelNodes([Ljava/lang/Object;)[Ljava/lang/Object; @ 24

Classes redefined (0 events):
No events

Internal exceptions (10 events):
Event: 19377.528 Thread 0x0000000019af3000 Exception <a 'sun/nio/fs/WindowsException'> (0x00000000e32a85a0) thrown at [D:\src\AOSP-openjdk-cygwin\jdk8u\hotspot\src\share\vm\prims\jni.cpp, line 710]
Event: 19377.528 Thread 0x0000000019af3000 Exception <a 'sun/nio/fs/WindowsException'> (0x00000000e32ab470) thrown at [D:\src\AOSP-openjdk-cygwin\jdk8u\hotspot\src\share\vm\prims\jni.cpp, line 710]
Event: 19377.528 Thread 0x0000000019af3000 Exception <a 'sun/nio/fs/WindowsException'> (0x00000000e32accc8) thrown at [D:\src\AOSP-openjdk-cygwin\jdk8u\hotspot\src\share\vm\prims\jni.cpp, line 710]
Event: 19377.528 Thread 0x0000000019af3000 Exception <a 'sun/nio/fs/WindowsException'> (0x00000000e32ae570) thrown at [D:\src\AOSP-openjdk-cygwin\jdk8u\hotspot\src\share\vm\prims\jni.cpp, line 710]
Event: 19377.529 Thread 0x0000000019af3000 Exception <a 'sun/nio/fs/WindowsException'> (0x00000000e32afe40) thrown at [D:\src\AOSP-openjdk-cygwin\jdk8u\hotspot\src\share\vm\prims\jni.cpp, line 710]
Event: 19377.529 Thread 0x0000000019af3000 Exception <a 'sun/nio/fs/WindowsException'> (0x00000000e32b16e8) thrown at [D:\src\AOSP-openjdk-cygwin\jdk8u\hotspot\src\share\vm\prims\jni.cpp, line 710]
Event: 19391.614 Thread 0x000000001c47e000 Exception <a 'java/lang/NoSuchMethodError': java.lang.Object.lambda$static$0(I)[Lcom/intellij/openapi/editor/event/DocumentListener;> (0x00000000f1c7e4a0) thrown at [D:\src\AOSP-openjdk-cygwin\jdk8u\hotspot\src\share\vm\interpreter\linkResolver.cpp, line 
Event: 19391.635 Thread 0x000000001c47e000 Exception <a 'java/lang/NoSuchMethodError': java.lang.Object.lambda$static$0(I)[Lcom/intellij/psi/PsiAnnotation;> (0x00000000f1deb180) thrown at [D:\src\AOSP-openjdk-cygwin\jdk8u\hotspot\src\share\vm\interpreter\linkResolver.cpp, line 620]
Event: 19391.858 Thread 0x000000001c47e000 Implicit null exception at 0x00000000097ea882 to 0x00000000097eac41
Event: 19391.859 Thread 0x000000001c47e000 Implicit null exception at 0x0000000008b01271 to 0x0000000008b01649

Events (10 events):
Event: 19392.769 Thread 0x000000001c47e000 Uncommon trap: trap_request=0xffffff65 fr.pc=0x000000000a7477dc
Event: 19392.769 Thread 0x000000001c47e000 DEOPT PACKING pc=0x000000000a7477dc sp=0x00000000531ebb00
Event: 19392.769 Thread 0x000000001c47e000 DEOPT UNPACKING pc=0x00000000036f557b sp=0x00000000531eba30 mode 2
Event: 19392.770 Thread 0x000000001c47e000 Uncommon trap: trap_request=0xffffff65 fr.pc=0x000000000a73ed34
Event: 19392.770 Thread 0x000000001c47e000 DEOPT PACKING pc=0x000000000a73ed34 sp=0x00000000531eba80
Event: 19392.770 Thread 0x000000001c47e000 DEOPT UNPACKING pc=0x00000000036f557b sp=0x00000000531eba30 mode 2
Event: 19392.773 Thread 0x000000001c47e000 Uncommon trap: trap_request=0xffffff65 fr.pc=0x000000000a74c5e4
Event: 19392.773 Thread 0x000000001c47e000 DEOPT PACKING pc=0x000000000a74c5e4 sp=0x00000000531eba60
Event: 19392.773 Thread 0x000000001c47e000 DEOPT UNPACKING pc=0x00000000036f557b sp=0x00000000531eb9f0 mode 2
Event: 19392.778 Executing VM operation: ParallelGCFailedAllocation


Dynamic libraries:
0x00007ff7f6460000 - 0x00007ff7f6491000 	C:\Program Files\Android\Android Studio\jre\bin\java.exe
0x00007ffaefed0000 - 0x00007ffaf00bd000 	C:\Windows\SYSTEM32\ntdll.dll
0x00007ffaed1a0000 - 0x00007ffaed253000 	C:\Windows\System32\KERNEL32.DLL
0x00007ffaec390000 - 0x00007ffaec623000 	C:\Windows\System32\KERNELBASE.dll
0x00007ffaef1d0000 - 0x00007ffaef273000 	C:\Windows\System32\ADVAPI32.dll
0x00007ffaeedd0000 - 0x00007ffaeee6e000 	C:\Windows\System32\msvcrt.dll
0x00007ffaed100000 - 0x00007ffaed19e000 	C:\Windows\System32\sechost.dll
0x00007ffaeea20000 - 0x00007ffaeeb42000 	C:\Windows\System32\RPCRT4.dll
0x00007ffaef420000 - 0x00007ffaef5b7000 	C:\Windows\System32\USER32.dll
0x00007ffaebfa0000 - 0x00007ffaebfc0000 	C:\Windows\System32\win32u.dll
0x00007ffaed260000 - 0x00007ffaed289000 	C:\Windows\System32\GDI32.dll
0x00007ffaec660000 - 0x00007ffaec7fa000 	C:\Windows\System32\gdi32full.dll
0x00007ffaebfc0000 - 0x00007ffaec060000 	C:\Windows\System32\msvcp_win.dll
0x00007ffaed000000 - 0x00007ffaed0fa000 	C:\Windows\System32\ucrtbase.dll
0x00007ffadff10000 - 0x00007ffae0189000 	C:\Windows\WinSxS\amd64_microsoft.windows.common-controls_6595b64144ccf1df_6.0.17763.379_none_05b83be8071c94a1\COMCTL32.dll
0x00007ffaeee70000 - 0x00007ffaef19d000 	C:\Windows\System32\combase.dll
0x00007ffaec240000 - 0x00007ffaec2be000 	C:\Windows\System32\bcryptPrimitives.dll
0x00007ffaef5c0000 - 0x00007ffaef5ee000 	C:\Windows\System32\IMM32.DLL
0x0000000055a80000 - 0x0000000055b52000 	C:\Program Files\Android\Android Studio\jre\jre\bin\msvcr100.dll
0x0000000055c40000 - 0x0000000056486000 	C:\Program Files\Android\Android Studio\jre\jre\bin\server\jvm.dll
0x00007ffaef650000 - 0x00007ffaef658000 	C:\Windows\System32\PSAPI.DLL
0x00007ffae8860000 - 0x00007ffae8869000 	C:\Windows\SYSTEM32\WSOCK32.dll
0x00007ffae6f60000 - 0x00007ffae6f6a000 	C:\Windows\SYSTEM32\VERSION.dll
0x00007ffaea030000 - 0x00007ffaea054000 	C:\Windows\SYSTEM32\WINMM.dll
0x00007ffaef280000 - 0x00007ffaef2ed000 	C:\Windows\System32\WS2_32.dll
0x00007ffae9ba0000 - 0x00007ffae9bcd000 	C:\Windows\SYSTEM32\winmmbase.dll
0x00007ffaec800000 - 0x00007ffaec84a000 	C:\Windows\System32\cfgmgr32.dll
0x00007ffae8850000 - 0x00007ffae885f000 	C:\Program Files\Android\Android Studio\jre\jre\bin\verify.dll
0x00007ffad7d10000 - 0x00007ffad7d39000 	C:\Program Files\Android\Android Studio\jre\jre\bin\java.dll
0x00007ffae8830000 - 0x00007ffae8846000 	C:\Program Files\Android\Android Studio\jre\jre\bin\zip.dll
0x00007ffaed290000 - 0x00007ffaee780000 	C:\Windows\System32\SHELL32.dll
0x00007ffaefae0000 - 0x00007ffaefb88000 	C:\Windows\System32\shcore.dll
0x00007ffaec850000 - 0x00007ffaecf9a000 	C:\Windows\System32\windows.storage.dll
0x00007ffaebed0000 - 0x00007ffaebef4000 	C:\Windows\System32\profapi.dll
0x00007ffaebf40000 - 0x00007ffaebf9d000 	C:\Windows\System32\powrprof.dll
0x00007ffaefb90000 - 0x00007ffaefbe2000 	C:\Windows\System32\shlwapi.dll
0x00007ffaebf00000 - 0x00007ffaebf11000 	C:\Windows\System32\kernel.appcore.dll
0x00007ffaec2c0000 - 0x00007ffaec2d7000 	C:\Windows\System32\cryptsp.dll
0x00007ffae8780000 - 0x00007ffae879a000 	C:\Program Files\Android\Android Studio\jre\jre\bin\net.dll
0x00007ffadfb30000 - 0x00007ffadfd06000 	C:\Windows\SYSTEM32\urlmon.dll
0x00007ffade0b0000 - 0x00007ffade358000 	C:\Windows\SYSTEM32\iertutil.dll
0x00007ffaeb890000 - 0x00007ffaeb89c000 	C:\Windows\SYSTEM32\CRYPTBASE.DLL
0x00007ffaeb6c0000 - 0x00007ffaeb727000 	C:\Windows\system32\mswsock.dll
0x00007ffad7cd0000 - 0x00007ffad7ce3000 	C:\Program Files\Android\Android Studio\jre\jre\bin\nio.dll
0x00007ffad6f50000 - 0x00007ffad6f6e000 	C:\Users\Jhon\.gradle\native\25\windows-amd64\native-platform.dll
0x00007ffae7390000 - 0x00007ffae739d000 	C:\Program Files\Android\Android Studio\jre\jre\bin\management.dll
0x00007ffaeb280000 - 0x00007ffaeb2b3000 	C:\Windows\system32\rsaenh.dll
0x00007ffaec630000 - 0x00007ffaec656000 	C:\Windows\System32\bcrypt.dll
0x00007ffaebdd0000 - 0x00007ffaebdf8000 	C:\Windows\SYSTEM32\USERENV.dll
0x00007ffaeb420000 - 0x00007ffaeb45d000 	C:\Windows\SYSTEM32\IPHLPAPI.DLL
0x00007ffaee8b0000 - 0x00007ffaee8b8000 	C:\Windows\System32\NSI.dll
0x00007ffae1c60000 - 0x00007ffae1c76000 	C:\Windows\SYSTEM32\dhcpcsvc6.DLL
0x00007ffae57a0000 - 0x00007ffae57bc000 	C:\Windows\SYSTEM32\dhcpcsvc.DLL
0x00007ffaeb460000 - 0x00007ffaeb526000 	C:\Windows\SYSTEM32\DNSAPI.dll
0x00007ffad6d00000 - 0x00007ffad6d24000 	C:\Program Files\Android\Android Studio\jre\jre\bin\sunec.dll
0x00007ffade9c0000 - 0x00007ffade9ca000 	C:\Windows\System32\rasadhlp.dll
0x00007ffade9f0000 - 0x00007ffadea69000 	C:\Windows\System32\fwpuclnt.dll
0x00007ffadcc80000 - 0x00007ffadcc8b000 	C:\Program Files\Android\Android Studio\jre\jre\bin\sunmscapi.dll
0x00007ffaec060000 - 0x00007ffaec23b000 	C:\Windows\System32\CRYPT32.dll
0x00007ffaebf20000 - 0x00007ffaebf32000 	C:\Windows\System32\MSASN1.dll
0x00007fface870000 - 0x00007ffacea0c000 	C:\Program Files\Android\Android Studio\jre\jre\bin\awt.dll
0x00007ffaeeb50000 - 0x00007ffaeec1b000 	C:\Windows\System32\OLEAUT32.dll
0x00007ffaea5b0000 - 0x00007ffaea5de000 	C:\Windows\SYSTEM32\dwmapi.dll
0x00007ffae93c0000 - 0x00007ffae997e000 	C:\Windows\SYSTEM32\d2d1.dll
0x00007ffaea250000 - 0x00007ffaea2dc000 	C:\Windows\SYSTEM32\apphelp.dll
0x00007ffaea4e0000 - 0x00007ffaea57c000 	C:\Windows\system32\uxtheme.dll
0x00007ffaeaf60000 - 0x00007ffaeaf91000 	C:\Windows\SYSTEM32\ntmarta.dll
0x00007ffaaae80000 - 0x00007ffaab06d000 	C:\Windows\SYSTEM32\dbghelp.dll

VM Arguments:
jvm_args: -Xmx1536m -Dfile.encoding=GBK -Duser.country=CN -Duser.language=zh -Duser.variant 
java_command: org.gradle.launcher.daemon.bootstrap.GradleDaemon 4.10.1
java_class_path (initial): C:\Users\Jhon\.gradle\wrapper\dists\gradle-4.10.1-all\455itskqi2qtf0v2sja68alqd\gradle-4.10.1\lib\gradle-launcher-4.10.1.jar
Launcher Type: SUN_STANDARD

Environment Variables:
JAVA_HOME=E:\tts9\jdk1.8.0_45
CLASSPATH=.;E:\tts9\jdk1.8.0_45\bin;E:\tts9\jdk1.8.0_45\lib\dt.jar;E:\tts9\jdk1.8.0_45\lib\tools.jar
PATH=C:\Windows\system32;C:\Windows;C:\Windows\System32\Wbem;C:\Windows\System32\WindowsPowerShell\v1.0\;C:\Windows\System32\OpenSSH\;E:\tts9\jdk1.8.0_45\bin;E:\tts9\jdk1.8.0_45\jre\bin;F:\studio-sdk_r24.4.1-windows;C:\Users\Jhon\AppData\Local\Microsoft\WindowsApps;;C:\Users\Jhon\AppData\Local\Programs\Fiddler
USERNAME=Jhon
OS=Windows_NT
PROCESSOR_IDENTIFIER=Intel64 Family 6 Model 158 Stepping 10, GenuineIntel



---------------  S Y S T E M  ---------------

OS: Windows 10.0 , 64 bit Build 17763 (10.0.17763.379)

CPU:total 6 (initial active 6) (6 cores per cpu, 1 threads per core) family 6 model 158 stepping 10, cmov, cx8, fxsr, mmx, sse, sse2, sse3, ssse3, sse4.1, sse4.2, popcnt, avx, avx2, aes, clmul, erms, 3dnowpref, lzcnt, tsc, tscinvbit, bmi1, bmi2, adx

Memory: 4k page, physical 8210832k(1441568k free), swap 14075248k(2936980k free)

vm_info: OpenJDK 64-Bit Server VM (25.212-b04) for windows-amd64 JRE (1.8.0_212-release-1586-b04), built by "builder" with MS VC++ 10.0 (VS2010)

time: Thu Mar 12 14:09:19 2020
timezone: 中国标准时间
elapsed time: 19393 seconds (0d 5h 23m 13s)

